mode: set
github.com/suzujun/gotest/main.go:5.13,22.2 16 1
github.com/suzujun/gotest/apple/apple.go:3.20,4.11 1 1
github.com/suzujun/gotest/apple/apple.go:5.9,7.8 2 1
github.com/suzujun/gotest/apple/apple.go:8.16,10.22 2 0
github.com/suzujun/gotest/apple/apple.go:11.16,13.22 2 0
github.com/suzujun/gotest/apple/apple.go:14.16,16.22 2 0
github.com/suzujun/gotest/apple/apple.go:17.16,19.22 2 0
github.com/suzujun/gotest/apple/apple.go:20.16,22.22 2 0
github.com/suzujun/gotest/apple/apple.go:23.16,25.22 2 0
github.com/suzujun/gotest/apple/apple.go:26.16,28.22 2 0
github.com/suzujun/gotest/apple/apple.go:29.16,31.22 2 0
github.com/suzujun/gotest/apple/apple.go:32.16,34.22 2 0
github.com/suzujun/gotest/apple/apple.go:35.10,37.8 2 0
github.com/suzujun/gotest/lemon/lemon.go:12.20,13.11 1 1
github.com/suzujun/gotest/lemon/lemon.go:14.9,16.8 2 1
github.com/suzujun/gotest/lemon/lemon.go:17.16,19.22 2 1
github.com/suzujun/gotest/lemon/lemon.go:20.16,22.22 2 0
github.com/suzujun/gotest/lemon/lemon.go:23.16,25.22 2 0
github.com/suzujun/gotest/lemon/lemon.go:26.16,28.22 2 0
github.com/suzujun/gotest/lemon/lemon.go:29.16,31.22 2 0
github.com/suzujun/gotest/lemon/lemon.go:32.16,34.22 2 0
github.com/suzujun/gotest/lemon/lemon.go:35.16,37.22 2 0
github.com/suzujun/gotest/lemon/lemon.go:38.16,40.22 2 0
github.com/suzujun/gotest/lemon/lemon.go:41.16,43.22 2 0
github.com/suzujun/gotest/lemon/lemon.go:44.10,46.8 2 0
github.com/suzujun/gotest/melon/melon.go:12.20,13.11 1 1
github.com/suzujun/gotest/melon/melon.go:14.9,16.8 2 1
github.com/suzujun/gotest/melon/melon.go:17.16,19.22 2 1
github.com/suzujun/gotest/melon/melon.go:20.16,22.22 2 1
github.com/suzujun/gotest/melon/melon.go:23.16,25.22 2 0
github.com/suzujun/gotest/melon/melon.go:26.16,28.22 2 0
github.com/suzujun/gotest/melon/melon.go:29.16,31.22 2 0
github.com/suzujun/gotest/melon/melon.go:32.16,34.22 2 0
github.com/suzujun/gotest/melon/melon.go:35.16,37.22 2 0
github.com/suzujun/gotest/melon/melon.go:38.16,40.22 2 0
github.com/suzujun/gotest/melon/melon.go:41.16,43.22 2 0
github.com/suzujun/gotest/melon/melon.go:44.10,46.8 2 0
github.com/suzujun/gotest/tomato/tomato.go:3.20,4.11 1 1
github.com/suzujun/gotest/tomato/tomato.go:5.9,7.8 2 1
github.com/suzujun/gotest/tomato/tomato.go:8.16,10.22 2 1
github.com/suzujun/gotest/tomato/tomato.go:11.16,13.22 2 1
github.com/suzujun/gotest/tomato/tomato.go:14.16,16.22 2 1
github.com/suzujun/gotest/tomato/tomato.go:17.16,19.22 2 1
github.com/suzujun/gotest/tomato/tomato.go:20.16,22.22 2 0
github.com/suzujun/gotest/tomato/tomato.go:23.16,25.22 2 0
github.com/suzujun/gotest/tomato/tomato.go:26.16,28.22 2 0
github.com/suzujun/gotest/tomato/tomato.go:29.16,31.22 2 0
github.com/suzujun/gotest/tomato/tomato.go:32.16,34.22 2 0
github.com/suzujun/gotest/tomato/tomato.go:35.10,37.8 2 0
