mode: set
github.com/suzujun/gotest/main.go:5.13,19.2 13 1
github.com/suzujun/gotest/apple/apple.go:3.20,4.11 1 1
github.com/suzujun/gotest/apple/apple.go:5.9,7.8 2 1
github.com/suzujun/gotest/apple/apple.go:8.16,10.22 2 0
github.com/suzujun/gotest/apple/apple.go:11.16,13.22 2 0
github.com/suzujun/gotest/apple/apple.go:14.16,16.22 2 0
github.com/suzujun/gotest/apple/apple.go:17.16,19.22 2 0
github.com/suzujun/gotest/apple/apple.go:20.16,22.22 2 0
github.com/suzujun/gotest/apple/apple.go:23.16,25.22 2 0
github.com/suzujun/gotest/apple/apple.go:26.16,28.22 2 0
github.com/suzujun/gotest/apple/apple.go:29.16,31.22 2 0
github.com/suzujun/gotest/apple/apple.go:32.16,34.22 2 0
github.com/suzujun/gotest/apple/apple.go:35.10,37.8 2 0
github.com/suzujun/gotest/lemon/lemon.go:12.20,13.11 1 1
github.com/suzujun/gotest/lemon/lemon.go:14.9,16.8 2 1
github.com/suzujun/gotest/lemon/lemon.go:17.16,19.22 2 1
github.com/suzujun/gotest/lemon/lemon.go:20.16,22.22 2 0
github.com/suzujun/gotest/lemon/lemon.go:23.16,25.22 2 0
github.com/suzujun/gotest/lemon/lemon.go:26.16,28.22 2 0
github.com/suzujun/gotest/lemon/lemon.go:29.16,31.22 2 0
github.com/suzujun/gotest/lemon/lemon.go:32.16,34.22 2 0
github.com/suzujun/gotest/lemon/lemon.go:35.16,37.22 2 0
github.com/suzujun/gotest/lemon/lemon.go:38.16,40.22 2 0
github.com/suzujun/gotest/lemon/lemon.go:41.16,43.22 2 0
github.com/suzujun/gotest/lemon/lemon.go:44.10,46.8 2 0
github.com/suzujun/gotest/melon/melon.go:10.20,11.11 1 1
github.com/suzujun/gotest/melon/melon.go:12.9,14.8 2 1
github.com/suzujun/gotest/melon/melon.go:15.16,17.22 2 1
github.com/suzujun/gotest/melon/melon.go:18.16,20.22 2 1
github.com/suzujun/gotest/melon/melon.go:21.16,23.22 2 0
github.com/suzujun/gotest/melon/melon.go:24.16,26.22 2 0
github.com/suzujun/gotest/melon/melon.go:27.16,29.22 2 0
github.com/suzujun/gotest/melon/melon.go:30.16,32.22 2 0
github.com/suzujun/gotest/melon/melon.go:33.16,35.22 2 0
github.com/suzujun/gotest/melon/melon.go:36.16,38.22 2 0
github.com/suzujun/gotest/melon/melon.go:39.16,41.22 2 0
github.com/suzujun/gotest/melon/melon.go:42.10,44.8 2 0
github.com/suzujun/gotest/tomato/tomato.go:3.20,4.11 1 1
github.com/suzujun/gotest/tomato/tomato.go:5.9,7.8 2 1
github.com/suzujun/gotest/tomato/tomato.go:8.16,10.22 2 1
github.com/suzujun/gotest/tomato/tomato.go:11.16,13.22 2 1
github.com/suzujun/gotest/tomato/tomato.go:14.16,16.22 2 1
github.com/suzujun/gotest/tomato/tomato.go:17.16,19.22 2 1
github.com/suzujun/gotest/tomato/tomato.go:20.16,22.22 2 0
github.com/suzujun/gotest/tomato/tomato.go:23.16,25.22 2 0
github.com/suzujun/gotest/tomato/tomato.go:26.16,28.22 2 0
github.com/suzujun/gotest/tomato/tomato.go:29.16,31.22 2 0
github.com/suzujun/gotest/tomato/tomato.go:32.16,34.22 2 0
github.com/suzujun/gotest/tomato/tomato.go:35.10,37.8 2 0
